Build started 7/22/2012 3:27:57 PM.
     1>Project "C:\Users\Spencer Dale Colton\Documents\Visual Studio 2010\Projects\SuperSpy\Game\Game.vcxproj" on node 2 (build target(s)).
     1>InitializeBuildStatus:
         Creating "ReadMe Release\SuperSpy.unsuccessfulbuild" because "AlwaysCreate" was specified.
       GenerateTargetFrameworkMonikerAttribute:
       Skipping target "GenerateTargetFrameworkMonikerAttribute" because all output files are up-to-date with respect to the input files.
       ClCompile:
         c:\Program Files (x86)\Microsoft Visual Studio 10.0\VC\bin\CL.exe /c /AI"C:\Program Files (x86)\Reference Assemblies\Microsoft\Framework\.NETFramework\v4.0" /Zi /clr /nologo /W3 /WX- /O2 /Oy- /D WIN32 /D NDEBUG /D _UNICODE /D UNICODE /EHa /MD /GS /fp:precise /Zc:wchar_t /Zc:forScope /Yc"StdAfx.h" /Fp"ReadMe Release\SuperSpy.pch" /Fo"ReadMe Release\\" /Fd"ReadMe Release\vc100.pdb" /TP /FU"C:\Program Files (x86)\Reference Assemblies\Microsoft\Framework\.NETFramework\v4.0\System.Core.dll" /FU"C:\Program Files (x86)\Reference Assemblies\Microsoft\Framework\.NETFramework\v4.0\System.Data.dll" /FU"C:\Program Files (x86)\Reference Assemblies\Microsoft\Framework\.NETFramework\v4.0\System.dll" /FU"C:\Program Files (x86)\Reference Assemblies\Microsoft\Framework\.NETFramework\v4.0\System.Xml.dll" /analyze- /errorReport:prompt stdafx.cpp /clr:nostdlib 
         stdafx.cpp
         c:\Program Files (x86)\Microsoft Visual Studio 10.0\VC\bin\CL.exe /c /AI"C:\Program Files (x86)\Reference Assemblies\Microsoft\Framework\.NETFramework\v4.0" /Zi /clr /nologo /W3 /WX- /O2 /Oy- /D WIN32 /D NDEBUG /D _UNICODE /D UNICODE /EHa /MD /GS /fp:precise /Zc:wchar_t /Zc:forScope /Yu"StdAfx.h" /Fp"ReadMe Release\SuperSpy.pch" /Fo"ReadMe Release\\" /Fd"ReadMe Release\vc100.pdb" /TP /FU"C:\Program Files (x86)\Reference Assemblies\Microsoft\Framework\.NETFramework\v4.0\System.Core.dll" /FU"C:\Program Files (x86)\Reference Assemblies\Microsoft\Framework\.NETFramework\v4.0\System.Data.dll" /FU"C:\Program Files (x86)\Reference Assemblies\Microsoft\Framework\.NETFramework\v4.0\System.dll" /FU"C:\Program Files (x86)\Reference Assemblies\Microsoft\Framework\.NETFramework\v4.0\System.Xml.dll" /analyze- /errorReport:prompt AssemblyInfo.cpp SuperSpy.cpp /clr:nostdlib 
         AssemblyInfo.cpp
         SuperSpy.cpp
         Generating Code...
         c:\Program Files (x86)\Microsoft Visual Studio 10.0\VC\bin\CL.exe /c /Zi /clr /nologo /W3 /WX- /O2 /Oy- /D WIN32 /D NDEBUG /D _UNICODE /D UNICODE /EHa /MD /GS /fp:precise /Zc:wchar_t /Zc:forScope /Fo"ReadMe Release\\" /Fd"ReadMe Release\vc100.pdb" /TP /analyze- /errorReport:prompt "C:\Users\Spencer Dale Colton\AppData\Local\Temp\.NETFramework,Version=v4.0.AssemblyAttributes.cpp"
         .NETFramework,Version=v4.0.AssemblyAttributes.cpp
       ResourceCompile:
         C:\Program Files (x86)\Microsoft SDKs\Windows\v7.0A\bin\rc.exe /D _UNICODE /D UNICODE /l"0x0409" /nologo /fo"ReadMe Release\app.res" app.rc 
       Link:
         c:\Program Files (x86)\Microsoft Visual Studio 10.0\VC\bin\link.exe /ERRORREPORT:PROMPT /OUT:"C:\Users\Spencer Dale Colton\Documents\Visual Studio 2010\Projects\SuperSpy\ReadMe Release\SuperSpy.exe" /INCREMENTAL:NO /NOLOGO /MANIFEST /ManifestFile:"ReadMe Release\SuperSpy.exe.intermediate.manifest" /MANIFESTUAC:"level='asInvoker' uiAccess='false'" /DEBUG /PDB:"C:\Users\Spencer Dale Colton\Documents\Visual Studio 2010\Projects\SuperSpy\ReadMe Release\SuperSpy.pdb" /TLBID:1 /DYNAMICBASE /FIXED:NO /NXCOMPAT /MACHINE:X86 "ReadMe Release\app.res"
         "ReadMe Release\AssemblyInfo.obj"
         "ReadMe Release\SuperSpy.obj"
         "ReadMe Release\stdafx.obj"
         "ReadMe Release\.NETFramework,Version=v4.0.AssemblyAttributes.obj"
         Game.vcxproj -> C:\Users\Spencer Dale Colton\Documents\Visual Studio 2010\Projects\SuperSpy\ReadMe Release\SuperSpy.exe
       Manifest:
         C:\Program Files (x86)\Microsoft SDKs\Windows\v7.0A\bin\mt.exe /nologo /verbose /outputresource:"C:\Users\Spencer Dale Colton\Documents\Visual Studio 2010\Projects\SuperSpy\ReadMe Release\SuperSpy.exe;#1" /manifest "ReadMe Release\SuperSpy.exe.intermediate.manifest"
       FinalizeBuildStatus:
         Deleting file "ReadMe Release\SuperSpy.unsuccessfulbuild".
         Touching "ReadMe Release\SuperSpy.lastbuildstate".
     1>Done Building Project "C:\Users\Spencer Dale Colton\Documents\Visual Studio 2010\Projects\SuperSpy\Game\Game.vcxproj" (build target(s)).

Build succeeded.

Time Elapsed 00:00:09.15
